e:\myproject\busanalizer\buswinappl\buswinappl\debug\vc142.pdb
e:\myproject\busanalizer\buswinappl\buswinappl\debug\vc142.idb
e:\myproject\busanalizer\buswinappl\buswinappl\debug\mainfrm.obj
e:\myproject\busanalizer\buswinappl\buswinappl\debug\cusbselection.obj
e:\myproject\busanalizer\buswinappl\buswinappl\debug\buswinappl.pch
e:\myproject\busanalizer\buswinappl\buswinappl\debug\pch.obj
e:\myproject\busanalizer\buswinappl\buswinappl\debug\outputwnd.obj
e:\myproject\busanalizer\buswinappl\buswinappl\debug\buswinapplview.obj
e:\myproject\busanalizer\buswinappl\buswinappl\debug\buswinappldoc.obj
e:\myproject\busanalizer\buswinappl\buswinappl\debug\buswinappl.obj
e:\myproject\busanalizer\buswinappl\buswinappl\debug\buswinappl.exe
e:\myproject\busanalizer\buswinappl\buswinappl\debug\buswinappl.ilk
e:\myproject\busanalizer\buswinappl\buswinappl\debug\buswinappl.pdb
e:\myproject\busanalizer\buswinappl\buswinappl\debug\buswinappl.res
e:\myproject\busanalizer\buswinappl\buswinappl\debug\buswinappl.tlog\cl.command.1.tlog
e:\myproject\busanalizer\buswinappl\buswinappl\debug\buswinappl.tlog\cl.read.1.tlog
e:\myproject\busanalizer\buswinappl\buswinappl\debug\buswinappl.tlog\cl.write.1.tlog
e:\myproject\busanalizer\buswinappl\buswinappl\debug\buswinappl.tlog\link.command.1.tlog
e:\myproject\busanalizer\buswinappl\buswinappl\debug\buswinappl.tlog\link.read.1.tlog
e:\myproject\busanalizer\buswinappl\buswinappl\debug\buswinappl.tlog\link.write.1.tlog
e:\myproject\busanalizer\buswinappl\buswinappl\debug\buswinappl.tlog\rc.command.1.tlog
e:\myproject\busanalizer\buswinappl\buswinappl\debug\buswinappl.tlog\rc.read.1.tlog
e:\myproject\busanalizer\buswinappl\buswinappl\debug\buswinappl.tlog\rc.write.1.tlog
